[debug] [2024-03-21T00:09:24.634Z] ----------------------------------------------------------------------
[debug] [2024-03-21T00:09:24.637Z] Command:       C:\Program Files\nodejs\node.exe C:\Users\UTENTE\AppData\Roaming\npm\node_modules\firebase-tools\lib\bin\firebase.js init
[debug] [2024-03-21T00:09:24.637Z] CLI Version:   13.5.2
[debug] [2024-03-21T00:09:24.637Z] Platform:      win32
[debug] [2024-03-21T00:09:24.637Z] Node Version:  v20.11.1
[debug] [2024-03-21T00:09:24.637Z] Time:          Thu Mar 21 2024 01:09:24 GMT+0100 (Central European Standard Time)
[debug] [2024-03-21T00:09:24.637Z] ----------------------------------------------------------------------
[debug] 
[debug] [2024-03-21T00:09:24.703Z] > command requires scopes: ["email","openid","https://www.googleapis.com/auth/cloudplatformprojects.readonly","https://www.googleapis.com/auth/firebase","https://www.googleapis.com/auth/cloud-platform"]
[debug] [2024-03-21T00:09:24.703Z] > authorizing via signed-in user (russellnavarez18@gmail.com)
[info] 
     ######## #### ########  ######## ########     ###     ######  ########
     ##        ##  ##     ## ##       ##     ##  ##   ##  ##       ##
     ######    ##  ########  ######   ########  #########  ######  ######
     ##        ##  ##    ##  ##       ##     ## ##     ##       ## ##
     ##       #### ##     ## ######## ########  ##     ##  ######  ########

You're about to initialize a Firebase project in this directory:

  C:\Users\UTENTE\jdmcore

Before we get started, keep in mind:

  * You are initializing within an existing Firebase project directory

